<?xml version="1.0" encoding="UTF-8"?>
<!-- Generated by org.testng.reporters.JUnitXMLReporter -->
<testsuite ignored="6" hostname="IN-2Q6WPQ3" failures="0" tests="1" name="Default test" time="12.459" errors="0" timestamp="2022-11-17T14:49:38 IST">
  <testcase classname="saucelabs.Loginfunctions" name="TC_003" time="0.621"/>
  <testcase classname="saucelabs.Loginfunctions" name="TC_008" time="0.0">
    <ignored/>
  </testcase> <!-- TC_008 -->
  <testcase classname="saucelabs.Loginfunctions" name="TC_007" time="0.0">
    <ignored/>
  </testcase> <!-- TC_007 -->
  <testcase classname="saucelabs.Loginfunctions" name="TC_004" time="0.0">
    <ignored/>
  </testcase> <!-- TC_004 -->
  <testcase classname="saucelabs.Loginfunctions" name="TC_009" time="0.0">
    <ignored/>
  </testcase> <!-- TC_009 -->
  <testcase classname="saucelabs.Loginfunctions" name="TC_006" time="0.0">
    <ignored/>
  </testcase> <!-- TC_006 -->
  <testcase classname="saucelabs.Loginfunctions" name="TC_005" time="0.0">
    <ignored/>
  </testcase> <!-- TC_005 -->
</testsuite> <!-- Default test -->
