<?xml version="1.0" encoding="UTF-8"?>
<testng-results ignored="0" total="50" passed="43" failed="7" skipped="0">
  <reporter-output>
  </reporter-output>
  <suite started-at="2022-11-17T19:15:38 IST" name="Suite" finished-at="2022-11-17T19:30:57 IST" duration-ms="919387">
    <groups>
    </groups>
    <test started-at="2022-11-17T19:15:38 IST" name="Test" finished-at="2022-11-17T19:30:57 IST" duration-ms="919387">
      <class name="saucelabs.Autologoutfunction">
        <test-method is-config="true" signature="open()[pri:0, instance:saucelabs.Autologoutfunction@7d0b7e3c]" started-at="2022-11-17T19:20:53 IST" name="open" finished-at="2022-11-17T19:20:56 IST" duration-ms="2740" status="PASS">
          <reporter-output>
          </reporter-output>
        </test-method> <!-- open -->
        <test-method signature="TC_050()[pri:0, instance:saucelabs.Autologoutfunction@7d0b7e3c]" started-at="2022-11-17T19:20:56 IST" name="TC_050" finished-at="2022-11-17T19:30:56 IST" duration-ms="600231" status="PASS">
          <reporter-output>
          </reporter-output>
        </test-method> <!-- TC_050 -->
        <test-method is-config="true" signature="close()[pri:0, instance:saucelabs.Autologoutfunction@7d0b7e3c]" started-at="2022-11-17T19:30:56 IST" name="close" finished-at="2022-11-17T19:30:57 IST" duration-ms="489" status="PASS">
          <reporter-output>
          </reporter-output>
        </test-method> <!-- close -->
      </class> <!-- saucelabs.Autologoutfunction -->
      <class name="saucelabs.Socialmedia">
        <test-method is-config="true" signature="open()[pri:0, instance:saucelabs.Socialmedia@449a4f23]" started-at="2022-11-17T19:18:39 IST" name="open" finished-at="2022-11-17T19:18:43 IST" duration-ms="4309" status="PASS">
          <reporter-output>
          </reporter-output>
        </test-method> <!-- open -->
        <test-method signature="TC_029()[pri:0, instance:saucelabs.Socialmedia@449a4f23]" started-at="2022-11-17T19:18:43 IST" name="TC_029" finished-at="2022-11-17T19:18:46 IST" duration-ms="3216" status="PASS">
          <reporter-output>
          </reporter-output>
        </test-method> <!-- TC_029 -->
        <test-method is-config="true" signature="close()[pri:0, instance:saucelabs.Socialmedia@449a4f23]" started-at="2022-11-17T19:18:46 IST" name="close" finished-at="2022-11-17T19:18:47 IST" duration-ms="318" status="PASS">
          <reporter-output>
          </reporter-output>
        </test-method> <!-- close -->
        <test-method is-config="true" signature="open()[pri:0, instance:saucelabs.Socialmedia@449a4f23]" started-at="2022-11-17T19:18:47 IST" name="open" finished-at="2022-11-17T19:18:51 IST" duration-ms="4496" status="PASS">
          <reporter-output>
          </reporter-output>
        </test-method> <!-- open -->
        <test-method signature="TC_030()[pri:0, instance:saucelabs.Socialmedia@449a4f23]" started-at="2022-11-17T19:18:51 IST" name="TC_030" finished-at="2022-11-17T19:18:54 IST" duration-ms="3171" status="PASS">
          <reporter-output>
          </reporter-output>
        </test-method> <!-- TC_030 -->
        <test-method is-config="true" signature="close()[pri:0, instance:saucelabs.Socialmedia@449a4f23]" started-at="2022-11-17T19:18:54 IST" name="close" finished-at="2022-11-17T19:18:55 IST" duration-ms="393" status="PASS">
          <reporter-output>
          </reporter-output>
        </test-method> <!-- close -->
        <test-method is-config="true" signature="open()[pri:0, instance:saucelabs.Socialmedia@449a4f23]" started-at="2022-11-17T19:18:55 IST" name="open" finished-at="2022-11-17T19:18:59 IST" duration-ms="4409" status="PASS">
          <reporter-output>
          </reporter-output>
        </test-method> <!-- open -->
        <test-method signature="TC_031()[pri:0, instance:saucelabs.Socialmedia@449a4f23]" started-at="2022-11-17T19:18:59 IST" name="TC_031" finished-at="2022-11-17T19:19:03 IST" duration-ms="3621" status="PASS">
          <reporter-output>
          </reporter-output>
        </test-method> <!-- TC_031 -->
        <test-method is-config="true" signature="close()[pri:0, instance:saucelabs.Socialmedia@449a4f23]" started-at="2022-11-17T19:19:03 IST" name="close" finished-at="2022-11-17T19:19:03 IST" duration-ms="307" status="PASS">
          <reporter-output>
          </reporter-output>
        </test-method> <!-- close -->
      </class> <!-- saucelabs.Socialmedia -->
      <class name="saucelabs.Completepage">
        <test-method is-config="true" signature="open()[pri:0, instance:saucelabs.Completepage@6e9175d8]" started-at="2022-11-17T19:20:42 IST" name="open" finished-at="2022-11-17T19:20:47 IST" duration-ms="5283" status="PASS">
          <reporter-output>
          </reporter-output>
        </test-method> <!-- open -->
        <test-method signature="TC_048()[pri:0, instance:saucelabs.Completepage@6e9175d8]" started-at="2022-11-17T19:20:47 IST" name="TC_048" finished-at="2022-11-17T19:20:47 IST" duration-ms="33" status="PASS">
          <reporter-output>
          </reporter-output>
        </test-method> <!-- TC_048 -->
        <test-method is-config="true" signature="close()[pri:0, instance:saucelabs.Completepage@6e9175d8]" started-at="2022-11-17T19:20:47 IST" name="close" finished-at="2022-11-17T19:20:48 IST" duration-ms="293" status="PASS">
          <reporter-output>
          </reporter-output>
        </test-method> <!-- close -->
        <test-method is-config="true" signature="open()[pri:0, instance:saucelabs.Completepage@6e9175d8]" started-at="2022-11-17T19:20:48 IST" name="open" finished-at="2022-11-17T19:20:53 IST" duration-ms="5190" status="PASS">
          <reporter-output>
          </reporter-output>
        </test-method> <!-- open -->
        <test-method signature="TC_049()[pri:0, instance:saucelabs.Completepage@6e9175d8]" started-at="2022-11-17T19:20:53 IST" name="TC_049" finished-at="2022-11-17T19:20:53 IST" duration-ms="128" status="PASS">
          <reporter-output>
          </reporter-output>
        </test-method> <!-- TC_049 -->
        <test-method is-config="true" signature="close()[pri:0, instance:saucelabs.Completepage@6e9175d8]" started-at="2022-11-17T19:20:53 IST" name="close" finished-at="2022-11-17T19:20:53 IST" duration-ms="399" status="PASS">
          <reporter-output>
          </reporter-output>
        </test-method> <!-- close -->
      </class> <!-- saucelabs.Completepage -->
      <class name="saucelabs.Checkoutyourinfo">
        <test-method is-config="true" signature="open()[pri:0, instance:saucelabs.Checkoutyourinfo@5b1669c0]" started-at="2022-11-17T19:19:30 IST" name="open" finished-at="2022-11-17T19:19:35 IST" duration-ms="4990" status="PASS">
          <reporter-output>
          </reporter-output>
        </test-method> <!-- open -->
        <test-method signature="TC_037()[pri:0, instance:saucelabs.Checkoutyourinfo@5b1669c0]" started-at="2022-11-17T19:19:35 IST" name="TC_037" finished-at="2022-11-17T19:19:35 IST" duration-ms="390" status="PASS">
          <reporter-output>
          </reporter-output>
        </test-method> <!-- TC_037 -->
        <test-method is-config="true" signature="close()[pri:0, instance:saucelabs.Checkoutyourinfo@5b1669c0]" started-at="2022-11-17T19:19:35 IST" name="close" finished-at="2022-11-17T19:19:36 IST" duration-ms="315" status="PASS">
          <reporter-output>
          </reporter-output>
        </test-method> <!-- close -->
        <test-method is-config="true" signature="open()[pri:0, instance:saucelabs.Checkoutyourinfo@5b1669c0]" started-at="2022-11-17T19:19:36 IST" name="open" finished-at="2022-11-17T19:19:41 IST" duration-ms="5065" status="PASS">
          <reporter-output>
          </reporter-output>
        </test-method> <!-- open -->
        <test-method signature="TC_038()[pri:0, instance:saucelabs.Checkoutyourinfo@5b1669c0]" started-at="2022-11-17T19:19:41 IST" name="TC_038" finished-at="2022-11-17T19:19:41 IST" duration-ms="367" status="PASS">
          <reporter-output>
          </reporter-output>
        </test-method> <!-- TC_038 -->
        <test-method is-config="true" signature="close()[pri:0, instance:saucelabs.Checkoutyourinfo@5b1669c0]" started-at="2022-11-17T19:19:41 IST" name="close" finished-at="2022-11-17T19:19:41 IST" duration-ms="247" status="PASS">
          <reporter-output>
          </reporter-output>
        </test-method> <!-- close -->
        <test-method is-config="true" signature="open()[pri:0, instance:saucelabs.Checkoutyourinfo@5b1669c0]" started-at="2022-11-17T19:19:41 IST" name="open" finished-at="2022-11-17T19:19:47 IST" duration-ms="5086" status="PASS">
          <reporter-output>
          </reporter-output>
        </test-method> <!-- open -->
        <test-method signature="TC_039()[pri:0, instance:saucelabs.Checkoutyourinfo@5b1669c0]" started-at="2022-11-17T19:19:47 IST" name="TC_039" finished-at="2022-11-17T19:19:47 IST" duration-ms="358" status="PASS">
          <reporter-output>
          </reporter-output>
        </test-method> <!-- TC_039 -->
        <test-method is-config="true" signature="close()[pri:0, instance:saucelabs.Checkoutyourinfo@5b1669c0]" started-at="2022-11-17T19:19:47 IST" name="close" finished-at="2022-11-17T19:19:47 IST" duration-ms="298" status="PASS">
          <reporter-output>
          </reporter-output>
        </test-method> <!-- close -->
        <test-method is-config="true" signature="open()[pri:0, instance:saucelabs.Checkoutyourinfo@5b1669c0]" started-at="2022-11-17T19:19:47 IST" name="open" finished-at="2022-11-17T19:19:52 IST" duration-ms="4721" status="PASS">
          <reporter-output>
          </reporter-output>
        </test-method> <!-- open -->
        <test-method signature="TC_040()[pri:0, instance:saucelabs.Checkoutyourinfo@5b1669c0]" started-at="2022-11-17T19:19:52 IST" name="TC_040" finished-at="2022-11-17T19:19:52 IST" duration-ms="345" status="PASS">
          <reporter-output>
          </reporter-output>
        </test-method> <!-- TC_040 -->
        <test-method is-config="true" signature="close()[pri:0, instance:saucelabs.Checkoutyourinfo@5b1669c0]" started-at="2022-11-17T19:19:52 IST" name="close" finished-at="2022-11-17T19:19:53 IST" duration-ms="251" status="PASS">
          <reporter-output>
          </reporter-output>
        </test-method> <!-- close -->
        <test-method is-config="true" signature="open()[pri:0, instance:saucelabs.Checkoutyourinfo@5b1669c0]" started-at="2022-11-17T19:19:53 IST" name="open" finished-at="2022-11-17T19:19:57 IST" duration-ms="4751" status="PASS">
          <reporter-output>
          </reporter-output>
        </test-method> <!-- open -->
        <test-method signature="TC_041()[pri:0, instance:saucelabs.Checkoutyourinfo@5b1669c0]" started-at="2022-11-17T19:19:57 IST" name="TC_041" finished-at="2022-11-17T19:19:57 IST" duration-ms="118" status="PASS">
          <reporter-output>
          </reporter-output>
        </test-method> <!-- TC_041 -->
        <test-method is-config="true" signature="close()[pri:0, instance:saucelabs.Checkoutyourinfo@5b1669c0]" started-at="2022-11-17T19:19:57 IST" name="close" finished-at="2022-11-17T19:19:58 IST" duration-ms="248" status="PASS">
          <reporter-output>
          </reporter-output>
        </test-method> <!-- close -->
        <test-method is-config="true" signature="open()[pri:0, instance:saucelabs.Checkoutyourinfo@5b1669c0]" started-at="2022-11-17T19:19:58 IST" name="open" finished-at="2022-11-17T19:20:02 IST" duration-ms="4850" status="PASS">
          <reporter-output>
          </reporter-output>
        </test-method> <!-- open -->
        <test-method signature="TC_42()[pri:0, instance:saucelabs.Checkoutyourinfo@5b1669c0]" started-at="2022-11-17T19:20:02 IST" name="TC_42" finished-at="2022-11-17T19:20:05 IST" duration-ms="2384" status="FAIL">
          <exception class="java.lang.AssertionError">
            <message>
              <![CDATA[expected [https://www.saucedemo.com/checkout-step-one.html] but found [https://www.saucedemo.com/checkout-step-two.html]]]>
            </message>
            <full-stacktrace>
              <![CDATA[java.lang.AssertionError: expected [https://www.saucedemo.com/checkout-step-one.html] but found [https://www.saucedemo.com/checkout-step-two.html]
at org.testng.Assert.fail(Assert.java:110)
at org.testng.Assert.failNotEquals(Assert.java:1413)
at org.testng.Assert.assertEqualsImpl(Assert.java:149)
at org.testng.Assert.assertEquals(Assert.java:131)
at org.testng.Assert.assertEquals(Assert.java:655)
at org.testng.Assert.assertEquals(Assert.java:665)
at saucelabs.Checkoutyourinfo.TC_42(Checkoutyourinfo.java:76)
at java.base/jdk.internal.reflect.NativeMethodAccessorImpl.invoke0(Native Method)
at java.base/jdk.internal.reflect.NativeMethodAccessorImpl.invoke(NativeMethodAccessorImpl.java:77)
at java.base/jdk.internal.reflect.DelegatingMethodAccessorImpl.invoke(DelegatingMethodAccessorImpl.java:43)
at java.base/java.lang.reflect.Method.invoke(Method.java:568)
at org.testng.internal.invokers.MethodInvocationHelper.invokeMethod(MethodInvocationHelper.java:139)
at org.testng.internal.invokers.TestInvoker.invokeMethod(TestInvoker.java:677)
at org.testng.internal.invokers.TestInvoker.invokeTestMethod(TestInvoker.java:221)
at org.testng.internal.invokers.MethodRunner.runInSequence(MethodRunner.java:50)
at org.testng.internal.invokers.TestInvoker$MethodInvocationAgent.invoke(TestInvoker.java:962)
at org.testng.internal.invokers.TestInvoker.invokeTestMethods(TestInvoker.java:194)
at org.testng.internal.invokers.TestMethodWorker.invokeTestMethods(TestMethodWorker.java:148)
at org.testng.internal.invokers.TestMethodWorker.run(TestMethodWorker.java:128)
at java.base/java.util.ArrayList.forEach(ArrayList.java:1511)
at org.testng.TestRunner.privateRun(TestRunner.java:806)
at org.testng.TestRunner.run(TestRunner.java:601)
at org.testng.SuiteRunner.runTest(SuiteRunner.java:433)
at org.testng.SuiteRunner$SuiteWorker.run(SuiteRunner.java:471)
at org.testng.internal.thread.ThreadUtil.lambda$execute$0(ThreadUtil.java:58)
at java.base/java.util.concurrent.FutureTask.run(FutureTask.java:264)
at java.base/java.util.concurrent.ThreadPoolExecutor.runWorker(ThreadPoolExecutor.java:1136)
at java.base/java.util.concurrent.ThreadPoolExecutor$Worker.run(ThreadPoolExecutor.java:635)
at java.base/java.lang.Thread.run(Thread.java:833)
]]>
            </full-stacktrace>
          </exception> <!-- java.lang.AssertionError -->
          <reporter-output>
          </reporter-output>
        </test-method> <!-- TC_42 -->
        <test-method is-config="true" signature="close()[pri:0, instance:saucelabs.Checkoutyourinfo@5b1669c0]" started-at="2022-11-17T19:20:05 IST" name="close" finished-at="2022-11-17T19:20:05 IST" duration-ms="316" status="PASS">
          <reporter-output>
          </reporter-output>
        </test-method> <!-- close -->
        <test-method is-config="true" signature="open()[pri:0, instance:saucelabs.Checkoutyourinfo@5b1669c0]" started-at="2022-11-17T19:20:05 IST" name="open" finished-at="2022-11-17T19:20:10 IST" duration-ms="5089" status="PASS">
          <reporter-output>
          </reporter-output>
        </test-method> <!-- open -->
        <test-method signature="TC_43()[pri:0, instance:saucelabs.Checkoutyourinfo@5b1669c0]" started-at="2022-11-17T19:20:10 IST" name="TC_43" finished-at="2022-11-17T19:20:13 IST" duration-ms="2402" status="FAIL">
          <exception class="java.lang.AssertionError">
            <message>
              <![CDATA[expected [https://www.saucedemo.com/checkout-step-one.html] but found [https://www.saucedemo.com/checkout-step-two.html]]]>
            </message>
            <full-stacktrace>
              <![CDATA[java.lang.AssertionError: expected [https://www.saucedemo.com/checkout-step-one.html] but found [https://www.saucedemo.com/checkout-step-two.html]
at org.testng.Assert.fail(Assert.java:110)
at org.testng.Assert.failNotEquals(Assert.java:1413)
at org.testng.Assert.assertEqualsImpl(Assert.java:149)
at org.testng.Assert.assertEquals(Assert.java:131)
at org.testng.Assert.assertEquals(Assert.java:655)
at org.testng.Assert.assertEquals(Assert.java:665)
at saucelabs.Checkoutyourinfo.TC_43(Checkoutyourinfo.java:85)
at java.base/jdk.internal.reflect.NativeMethodAccessorImpl.invoke0(Native Method)
at java.base/jdk.internal.reflect.NativeMethodAccessorImpl.invoke(NativeMethodAccessorImpl.java:77)
at java.base/jdk.internal.reflect.DelegatingMethodAccessorImpl.invoke(DelegatingMethodAccessorImpl.java:43)
at java.base/java.lang.reflect.Method.invoke(Method.java:568)
at org.testng.internal.invokers.MethodInvocationHelper.invokeMethod(MethodInvocationHelper.java:139)
at org.testng.internal.invokers.TestInvoker.invokeMethod(TestInvoker.java:677)
at org.testng.internal.invokers.TestInvoker.invokeTestMethod(TestInvoker.java:221)
at org.testng.internal.invokers.MethodRunner.runInSequence(MethodRunner.java:50)
at org.testng.internal.invokers.TestInvoker$MethodInvocationAgent.invoke(TestInvoker.java:962)
at org.testng.internal.invokers.TestInvoker.invokeTestMethods(TestInvoker.java:194)
at org.testng.internal.invokers.TestMethodWorker.invokeTestMethods(TestMethodWorker.java:148)
at org.testng.internal.invokers.TestMethodWorker.run(TestMethodWorker.java:128)
at java.base/java.util.ArrayList.forEach(ArrayList.java:1511)
at org.testng.TestRunner.privateRun(TestRunner.java:806)
at org.testng.TestRunner.run(TestRunner.java:601)
at org.testng.SuiteRunner.runTest(SuiteRunner.java:433)
at org.testng.SuiteRunner$SuiteWorker.run(SuiteRunner.java:471)
at org.testng.internal.thread.ThreadUtil.lambda$execute$0(ThreadUtil.java:58)
at java.base/java.util.concurrent.FutureTask.run(FutureTask.java:264)
at java.base/java.util.concurrent.ThreadPoolExecutor.runWorker(ThreadPoolExecutor.java:1136)
at java.base/java.util.concurrent.ThreadPoolExecutor$Worker.run(ThreadPoolExecutor.java:635)
at java.base/java.lang.Thread.run(Thread.java:833)
]]>
            </full-stacktrace>
          </exception> <!-- java.lang.AssertionError -->
          <reporter-output>
          </reporter-output>
        </test-method> <!-- TC_43 -->
        <test-method is-config="true" signature="close()[pri:0, instance:saucelabs.Checkoutyourinfo@5b1669c0]" started-at="2022-11-17T19:20:13 IST" name="close" finished-at="2022-11-17T19:20:13 IST" duration-ms="360" status="PASS">
          <reporter-output>
          </reporter-output>
        </test-method> <!-- close -->
        <test-method is-config="true" signature="open()[pri:0, instance:saucelabs.Checkoutyourinfo@5b1669c0]" started-at="2022-11-17T19:20:13 IST" name="open" finished-at="2022-11-17T19:20:18 IST" duration-ms="5183" status="PASS">
          <reporter-output>
          </reporter-output>
        </test-method> <!-- open -->
        <test-method signature="TC_44()[pri:0, instance:saucelabs.Checkoutyourinfo@5b1669c0]" started-at="2022-11-17T19:20:18 IST" name="TC_44" finished-at="2022-11-17T19:20:21 IST" duration-ms="2398" status="FAIL">
          <exception class="java.lang.AssertionError">
            <message>
              <![CDATA[expected [https://www.saucedemo.com/checkout-step-one.html] but found [https://www.saucedemo.com/checkout-step-two.html]]]>
            </message>
            <full-stacktrace>
              <![CDATA[java.lang.AssertionError: expected [https://www.saucedemo.com/checkout-step-one.html] but found [https://www.saucedemo.com/checkout-step-two.html]
at org.testng.Assert.fail(Assert.java:110)
at org.testng.Assert.failNotEquals(Assert.java:1413)
at org.testng.Assert.assertEqualsImpl(Assert.java:149)
at org.testng.Assert.assertEquals(Assert.java:131)
at org.testng.Assert.assertEquals(Assert.java:655)
at org.testng.Assert.assertEquals(Assert.java:665)
at saucelabs.Checkoutyourinfo.TC_44(Checkoutyourinfo.java:94)
at java.base/jdk.internal.reflect.NativeMethodAccessorImpl.invoke0(Native Method)
at java.base/jdk.internal.reflect.NativeMethodAccessorImpl.invoke(NativeMethodAccessorImpl.java:77)
at java.base/jdk.internal.reflect.DelegatingMethodAccessorImpl.invoke(DelegatingMethodAccessorImpl.java:43)
at java.base/java.lang.reflect.Method.invoke(Method.java:568)
at org.testng.internal.invokers.MethodInvocationHelper.invokeMethod(MethodInvocationHelper.java:139)
at org.testng.internal.invokers.TestInvoker.invokeMethod(TestInvoker.java:677)
at org.testng.internal.invokers.TestInvoker.invokeTestMethod(TestInvoker.java:221)
at org.testng.internal.invokers.MethodRunner.runInSequence(MethodRunner.java:50)
at org.testng.internal.invokers.TestInvoker$MethodInvocationAgent.invoke(TestInvoker.java:962)
at org.testng.internal.invokers.TestInvoker.invokeTestMethods(TestInvoker.java:194)
at org.testng.internal.invokers.TestMethodWorker.invokeTestMethods(TestMethodWorker.java:148)
at org.testng.internal.invokers.TestMethodWorker.run(TestMethodWorker.java:128)
at java.base/java.util.ArrayList.forEach(ArrayList.java:1511)
at org.testng.TestRunner.privateRun(TestRunner.java:806)
at org.testng.TestRunner.run(TestRunner.java:601)
at org.testng.SuiteRunner.runTest(SuiteRunner.java:433)
at org.testng.SuiteRunner$SuiteWorker.run(SuiteRunner.java:471)
at org.testng.internal.thread.ThreadUtil.lambda$execute$0(ThreadUtil.java:58)
at java.base/java.util.concurrent.FutureTask.run(FutureTask.java:264)
at java.base/java.util.concurrent.ThreadPoolExecutor.runWorker(ThreadPoolExecutor.java:1136)
at java.base/java.util.concurrent.ThreadPoolExecutor$Worker.run(ThreadPoolExecutor.java:635)
at java.base/java.lang.Thread.run(Thread.java:833)
]]>
            </full-stacktrace>
          </exception> <!-- java.lang.AssertionError -->
          <reporter-output>
          </reporter-output>
        </test-method> <!-- TC_44 -->
        <test-method is-config="true" signature="close()[pri:0, instance:saucelabs.Checkoutyourinfo@5b1669c0]" started-at="2022-11-17T19:20:21 IST" name="close" finished-at="2022-11-17T19:20:21 IST" duration-ms="362" status="PASS">
          <reporter-output>
          </reporter-output>
        </test-method> <!-- close -->
        <test-method is-config="true" signature="open()[pri:0, instance:saucelabs.Checkoutyourinfo@5b1669c0]" started-at="2022-11-17T19:20:21 IST" name="open" finished-at="2022-11-17T19:20:26 IST" duration-ms="5045" status="PASS">
          <reporter-output>
          </reporter-output>
        </test-method> <!-- open -->
        <test-method signature="TC_45()[pri:0, instance:saucelabs.Checkoutyourinfo@5b1669c0]" started-at="2022-11-17T19:20:26 IST" name="TC_45" finished-at="2022-11-17T19:20:28 IST" duration-ms="2396" status="FAIL">
          <exception class="java.lang.AssertionError">
            <message>
              <![CDATA[expected [https://www.saucedemo.com/checkout-step-one.html] but found [https://www.saucedemo.com/checkout-step-two.html]]]>
            </message>
            <full-stacktrace>
              <![CDATA[java.lang.AssertionError: expected [https://www.saucedemo.com/checkout-step-one.html] but found [https://www.saucedemo.com/checkout-step-two.html]
at org.testng.Assert.fail(Assert.java:110)
at org.testng.Assert.failNotEquals(Assert.java:1413)
at org.testng.Assert.assertEqualsImpl(Assert.java:149)
at org.testng.Assert.assertEquals(Assert.java:131)
at org.testng.Assert.assertEquals(Assert.java:655)
at org.testng.Assert.assertEquals(Assert.java:665)
at saucelabs.Checkoutyourinfo.TC_45(Checkoutyourinfo.java:103)
at java.base/jdk.internal.reflect.NativeMethodAccessorImpl.invoke0(Native Method)
at java.base/jdk.internal.reflect.NativeMethodAccessorImpl.invoke(NativeMethodAccessorImpl.java:77)
at java.base/jdk.internal.reflect.DelegatingMethodAccessorImpl.invoke(DelegatingMethodAccessorImpl.java:43)
at java.base/java.lang.reflect.Method.invoke(Method.java:568)
at org.testng.internal.invokers.MethodInvocationHelper.invokeMethod(MethodInvocationHelper.java:139)
at org.testng.internal.invokers.TestInvoker.invokeMethod(TestInvoker.java:677)
at org.testng.internal.invokers.TestInvoker.invokeTestMethod(TestInvoker.java:221)
at org.testng.internal.invokers.MethodRunner.runInSequence(MethodRunner.java:50)
at org.testng.internal.invokers.TestInvoker$MethodInvocationAgent.invoke(TestInvoker.java:962)
at org.testng.internal.invokers.TestInvoker.invokeTestMethods(TestInvoker.java:194)
at org.testng.internal.invokers.TestMethodWorker.invokeTestMethods(TestMethodWorker.java:148)
at org.testng.internal.invokers.TestMethodWorker.run(TestMethodWorker.java:128)
at java.base/java.util.ArrayList.forEach(ArrayList.java:1511)
at org.testng.TestRunner.privateRun(TestRunner.java:806)
at org.testng.TestRunner.run(TestRunner.java:601)
at org.testng.SuiteRunner.runTest(SuiteRunner.java:433)
at org.testng.SuiteRunner$SuiteWorker.run(SuiteRunner.java:471)
at org.testng.internal.thread.ThreadUtil.lambda$execute$0(ThreadUtil.java:58)
at java.base/java.util.concurrent.FutureTask.run(FutureTask.java:264)
at java.base/java.util.concurrent.ThreadPoolExecutor.runWorker(ThreadPoolExecutor.java:1136)
at java.base/java.util.concurrent.ThreadPoolExecutor$Worker.run(ThreadPoolExecutor.java:635)
at java.base/java.lang.Thread.run(Thread.java:833)
]]>
            </full-stacktrace>
          </exception> <!-- java.lang.AssertionError -->
          <reporter-output>
          </reporter-output>
        </test-method> <!-- TC_45 -->
        <test-method is-config="true" signature="close()[pri:0, instance:saucelabs.Checkoutyourinfo@5b1669c0]" started-at="2022-11-17T19:20:28 IST" name="close" finished-at="2022-11-17T19:20:29 IST" duration-ms="360" status="PASS">
          <reporter-output>
          </reporter-output>
        </test-method> <!-- close -->
        <test-method is-config="true" signature="open()[pri:0, instance:saucelabs.Checkoutyourinfo@5b1669c0]" started-at="2022-11-17T19:20:29 IST" name="open" finished-at="2022-11-17T19:20:34 IST" duration-ms="4951" status="PASS">
          <reporter-output>
          </reporter-output>
        </test-method> <!-- open -->
        <test-method signature="TC_46()[pri:0, instance:saucelabs.Checkoutyourinfo@5b1669c0]" started-at="2022-11-17T19:20:34 IST" name="TC_46" finished-at="2022-11-17T19:20:34 IST" duration-ms="91" status="PASS">
          <reporter-output>
          </reporter-output>
        </test-method> <!-- TC_46 -->
        <test-method is-config="true" signature="close()[pri:0, instance:saucelabs.Checkoutyourinfo@5b1669c0]" started-at="2022-11-17T19:20:34 IST" name="close" finished-at="2022-11-17T19:20:34 IST" duration-ms="301" status="PASS">
          <reporter-output>
          </reporter-output>
        </test-method> <!-- close -->
      </class> <!-- saucelabs.Checkoutyourinfo -->
      <class name="saucelabs.Overviewpage">
        <test-method is-config="true" signature="open()[pri:0, instance:saucelabs.Overviewpage@78e4deb0]" started-at="2022-11-17T19:20:34 IST" name="open" finished-at="2022-11-17T19:20:39 IST" duration-ms="4991" status="PASS">
          <reporter-output>
          </reporter-output>
        </test-method> <!-- open -->
        <test-method signature="TC_047()[pri:0, instance:saucelabs.Overviewpage@78e4deb0]" started-at="2022-11-17T19:20:39 IST" name="TC_047" finished-at="2022-11-17T19:20:42 IST" duration-ms="2675" status="PASS">
          <reporter-output>
          </reporter-output>
        </test-method> <!-- TC_047 -->
        <test-method is-config="true" signature="close()[pri:0, instance:saucelabs.Overviewpage@78e4deb0]" started-at="2022-11-17T19:20:42 IST" name="close" finished-at="2022-11-17T19:20:42 IST" duration-ms="326" status="PASS">
          <reporter-output>
          </reporter-output>
        </test-method> <!-- close -->
      </class> <!-- saucelabs.Overviewpage -->
      <class name="saucelabs.filteroption">
        <test-method is-config="true" signature="open()[pri:0, instance:saucelabs.filteroption@2e8c1c9b]" started-at="2022-11-17T19:17:29 IST" name="open" finished-at="2022-11-17T19:17:33 IST" duration-ms="4818" status="PASS">
          <reporter-output>
          </reporter-output>
        </test-method> <!-- open -->
        <test-method signature="TC_019()[pri:0, instance:saucelabs.filteroption@2e8c1c9b]" started-at="2022-11-17T19:17:33 IST" name="TC_019" finished-at="2022-11-17T19:17:36 IST" duration-ms="2293" status="PASS">
          <reporter-output>
          </reporter-output>
        </test-method> <!-- TC_019 -->
        <test-method is-config="true" signature="close()[pri:0, instance:saucelabs.filteroption@2e8c1c9b]" started-at="2022-11-17T19:17:36 IST" name="close" finished-at="2022-11-17T19:17:36 IST" duration-ms="364" status="PASS">
          <reporter-output>
          </reporter-output>
        </test-method> <!-- close -->
        <test-method is-config="true" signature="open()[pri:0, instance:saucelabs.filteroption@2e8c1c9b]" started-at="2022-11-17T19:17:36 IST" name="open" finished-at="2022-11-17T19:17:40 IST" duration-ms="4409" status="PASS">
          <reporter-output>
          </reporter-output>
        </test-method> <!-- open -->
        <test-method signature="TC_020()[pri:0, instance:saucelabs.filteroption@2e8c1c9b]" started-at="2022-11-17T19:17:40 IST" name="TC_020" finished-at="2022-11-17T19:17:43 IST" duration-ms="2458" status="PASS">
          <reporter-output>
          </reporter-output>
        </test-method> <!-- TC_020 -->
        <test-method is-config="true" signature="close()[pri:0, instance:saucelabs.filteroption@2e8c1c9b]" started-at="2022-11-17T19:17:43 IST" name="close" finished-at="2022-11-17T19:17:43 IST" duration-ms="430" status="PASS">
          <reporter-output>
          </reporter-output>
        </test-method> <!-- close -->
        <test-method is-config="true" signature="open()[pri:0, instance:saucelabs.filteroption@2e8c1c9b]" started-at="2022-11-17T19:17:43 IST" name="open" finished-at="2022-11-17T19:17:48 IST" duration-ms="4733" status="PASS">
          <reporter-output>
          </reporter-output>
        </test-method> <!-- open -->
        <test-method signature="TC_021()[pri:0, instance:saucelabs.filteroption@2e8c1c9b]" started-at="2022-11-17T19:17:48 IST" name="TC_021" finished-at="2022-11-17T19:17:50 IST" duration-ms="2376" status="PASS">
          <reporter-output>
          </reporter-output>
        </test-method> <!-- TC_021 -->
        <test-method is-config="true" signature="close()[pri:0, instance:saucelabs.filteroption@2e8c1c9b]" started-at="2022-11-17T19:17:50 IST" name="close" finished-at="2022-11-17T19:17:51 IST" duration-ms="351" status="PASS">
          <reporter-output>
          </reporter-output>
        </test-method> <!-- close -->
        <test-method is-config="true" signature="open()[pri:0, instance:saucelabs.filteroption@2e8c1c9b]" started-at="2022-11-17T19:17:51 IST" name="open" finished-at="2022-11-17T19:17:55 IST" duration-ms="4583" status="PASS">
          <reporter-output>
          </reporter-output>
        </test-method> <!-- open -->
        <test-method signature="TC_022()[pri:0, instance:saucelabs.filteroption@2e8c1c9b]" started-at="2022-11-17T19:17:55 IST" name="TC_022" finished-at="2022-11-17T19:17:58 IST" duration-ms="2339" status="PASS">
          <reporter-output>
          </reporter-output>
        </test-method> <!-- TC_022 -->
        <test-method is-config="true" signature="close()[pri:0, instance:saucelabs.filteroption@2e8c1c9b]" started-at="2022-11-17T19:17:58 IST" name="close" finished-at="2022-11-17T19:17:58 IST" duration-ms="360" status="PASS">
          <reporter-output>
          </reporter-output>
        </test-method> <!-- close -->
        <test-method is-config="true" signature="open()[pri:0, instance:saucelabs.filteroption@2e8c1c9b]" started-at="2022-11-17T19:17:58 IST" name="open" finished-at="2022-11-17T19:18:03 IST" duration-ms="4676" status="PASS">
          <reporter-output>
          </reporter-output>
        </test-method> <!-- open -->
        <test-method signature="TC_023()[pri:0, instance:saucelabs.filteroption@2e8c1c9b]" started-at="2022-11-17T19:18:03 IST" name="TC_023" finished-at="2022-11-17T19:18:05 IST" duration-ms="2395" status="FAIL">
          <exception class="java.lang.ArrayIndexOutOfBoundsException">
            <message>
              <![CDATA[Index 6 out of bounds for length 6]]>
            </message>
            <full-stacktrace>
              <![CDATA[java.lang.ArrayIndexOutOfBoundsException: Index 6 out of bounds for length 6
at saucelabs.filteroption.TC_023(filteroption.java:121)
at java.base/jdk.internal.reflect.NativeMethodAccessorImpl.invoke0(Native Method)
at java.base/jdk.internal.reflect.NativeMethodAccessorImpl.invoke(NativeMethodAccessorImpl.java:77)
at java.base/jdk.internal.reflect.DelegatingMethodAccessorImpl.invoke(DelegatingMethodAccessorImpl.java:43)
at java.base/java.lang.reflect.Method.invoke(Method.java:568)
at org.testng.internal.invokers.MethodInvocationHelper.invokeMethod(MethodInvocationHelper.java:139)
at org.testng.internal.invokers.TestInvoker.invokeMethod(TestInvoker.java:677)
at org.testng.internal.invokers.TestInvoker.invokeTestMethod(TestInvoker.java:221)
at org.testng.internal.invokers.MethodRunner.runInSequence(MethodRunner.java:50)
at org.testng.internal.invokers.TestInvoker$MethodInvocationAgent.invoke(TestInvoker.java:962)
at org.testng.internal.invokers.TestInvoker.invokeTestMethods(TestInvoker.java:194)
at org.testng.internal.invokers.TestMethodWorker.invokeTestMethods(TestMethodWorker.java:148)
at org.testng.internal.invokers.TestMethodWorker.run(TestMethodWorker.java:128)
at java.base/java.util.ArrayList.forEach(ArrayList.java:1511)
at org.testng.TestRunner.privateRun(TestRunner.java:806)
at org.testng.TestRunner.run(TestRunner.java:601)
at org.testng.SuiteRunner.runTest(SuiteRunner.java:433)
at org.testng.SuiteRunner$SuiteWorker.run(SuiteRunner.java:471)
at org.testng.internal.thread.ThreadUtil.lambda$execute$0(ThreadUtil.java:58)
at java.base/java.util.concurrent.FutureTask.run(FutureTask.java:264)
at java.base/java.util.concurrent.ThreadPoolExecutor.runWorker(ThreadPoolExecutor.java:1136)
at java.base/java.util.concurrent.ThreadPoolExecutor$Worker.run(ThreadPoolExecutor.java:635)
at java.base/java.lang.Thread.run(Thread.java:833)
]]>
            </full-stacktrace>
          </exception> <!-- java.lang.ArrayIndexOutOfBoundsException -->
          <reporter-output>
          </reporter-output>
        </test-method> <!-- TC_023 -->
        <test-method is-config="true" signature="close()[pri:0, instance:saucelabs.filteroption@2e8c1c9b]" started-at="2022-11-17T19:18:05 IST" name="close" finished-at="2022-11-17T19:18:05 IST" duration-ms="379" status="PASS">
          <reporter-output>
          </reporter-output>
        </test-method> <!-- close -->
      </class> <!-- saucelabs.filteroption -->
      <class name="saucelabs.productpage">
        <test-method is-config="true" signature="open()[pri:0, instance:saucelabs.productpage@6e6f2380]" started-at="2022-11-17T19:16:32 IST" name="open" finished-at="2022-11-17T19:16:37 IST" duration-ms="4834" status="PASS">
          <reporter-output>
          </reporter-output>
        </test-method> <!-- open -->
        <test-method signature="TC_010()[pri:0, instance:saucelabs.productpage@6e6f2380]" started-at="2022-11-17T19:16:37 IST" name="TC_010" finished-at="2022-11-17T19:16:37 IST" duration-ms="42" status="PASS">
          <reporter-output>
          </reporter-output>
        </test-method> <!-- TC_010 -->
        <test-method is-config="true" signature="close()[pri:0, instance:saucelabs.productpage@6e6f2380]" started-at="2022-11-17T19:16:37 IST" name="close" finished-at="2022-11-17T19:16:37 IST" duration-ms="328" status="PASS">
          <reporter-output>
          </reporter-output>
        </test-method> <!-- close -->
        <test-method is-config="true" signature="open()[pri:0, instance:saucelabs.productpage@6e6f2380]" started-at="2022-11-17T19:16:37 IST" name="open" finished-at="2022-11-17T19:16:42 IST" duration-ms="4379" status="PASS">
          <reporter-output>
          </reporter-output>
        </test-method> <!-- open -->
        <test-method signature="TC_011()[pri:0, instance:saucelabs.productpage@6e6f2380]" started-at="2022-11-17T19:16:42 IST" name="TC_011" finished-at="2022-11-17T19:16:42 IST" duration-ms="98" status="PASS">
          <reporter-output>
          </reporter-output>
        </test-method> <!-- TC_011 -->
        <test-method is-config="true" signature="close()[pri:0, instance:saucelabs.productpage@6e6f2380]" started-at="2022-11-17T19:16:42 IST" name="close" finished-at="2022-11-17T19:16:42 IST" duration-ms="298" status="PASS">
          <reporter-output>
          </reporter-output>
        </test-method> <!-- close -->
        <test-method is-config="true" signature="open()[pri:0, instance:saucelabs.productpage@6e6f2380]" started-at="2022-11-17T19:16:42 IST" name="open" finished-at="2022-11-17T19:16:47 IST" duration-ms="4446" status="PASS">
          <reporter-output>
          </reporter-output>
        </test-method> <!-- open -->
        <test-method signature="TC_012()[pri:0, instance:saucelabs.productpage@6e6f2380]" started-at="2022-11-17T19:16:47 IST" name="TC_012" finished-at="2022-11-17T19:16:47 IST" duration-ms="165" status="PASS">
          <reporter-output>
          </reporter-output>
        </test-method> <!-- TC_012 -->
        <test-method is-config="true" signature="close()[pri:0, instance:saucelabs.productpage@6e6f2380]" started-at="2022-11-17T19:16:47 IST" name="close" finished-at="2022-11-17T19:16:47 IST" duration-ms="266" status="PASS">
          <reporter-output>
          </reporter-output>
        </test-method> <!-- close -->
        <test-method is-config="true" signature="open()[pri:0, instance:saucelabs.productpage@6e6f2380]" started-at="2022-11-17T19:16:47 IST" name="open" finished-at="2022-11-17T19:16:52 IST" duration-ms="4742" status="PASS">
          <reporter-output>
          </reporter-output>
        </test-method> <!-- open -->
        <test-method signature="TC_013()[pri:0, instance:saucelabs.productpage@6e6f2380]" started-at="2022-11-17T19:16:52 IST" name="TC_013" finished-at="2022-11-17T19:16:57 IST" duration-ms="5152" status="PASS">
          <reporter-output>
          </reporter-output>
        </test-method> <!-- TC_013 -->
        <test-method is-config="true" signature="close()[pri:0, instance:saucelabs.productpage@6e6f2380]" started-at="2022-11-17T19:16:57 IST" name="close" finished-at="2022-11-17T19:16:57 IST" duration-ms="347" status="PASS">
          <reporter-output>
          </reporter-output>
        </test-method> <!-- close -->
        <test-method is-config="true" signature="open()[pri:0, instance:saucelabs.productpage@6e6f2380]" started-at="2022-11-17T19:16:57 IST" name="open" finished-at="2022-11-17T19:17:03 IST" duration-ms="5443" status="PASS">
          <reporter-output>
          </reporter-output>
        </test-method> <!-- open -->
        <test-method signature="TC_014()[pri:0, instance:saucelabs.productpage@6e6f2380]" started-at="2022-11-17T19:17:03 IST" name="TC_014" finished-at="2022-11-17T19:17:03 IST" duration-ms="134" status="PASS">
          <reporter-output>
          </reporter-output>
        </test-method> <!-- TC_014 -->
        <test-method is-config="true" signature="close()[pri:0, instance:saucelabs.productpage@6e6f2380]" started-at="2022-11-17T19:17:03 IST" name="close" finished-at="2022-11-17T19:17:03 IST" duration-ms="309" status="PASS">
          <reporter-output>
          </reporter-output>
        </test-method> <!-- close -->
        <test-method is-config="true" signature="open()[pri:0, instance:saucelabs.productpage@6e6f2380]" started-at="2022-11-17T19:17:03 IST" name="open" finished-at="2022-11-17T19:17:07 IST" duration-ms="4364" status="PASS">
          <reporter-output>
          </reporter-output>
        </test-method> <!-- open -->
        <test-method signature="TC_015()[pri:0, instance:saucelabs.productpage@6e6f2380]" started-at="2022-11-17T19:17:07 IST" name="TC_015" finished-at="2022-11-17T19:17:11 IST" duration-ms="3651" status="PASS">
          <reporter-output>
          </reporter-output>
        </test-method> <!-- TC_015 -->
        <test-method is-config="true" signature="close()[pri:0, instance:saucelabs.productpage@6e6f2380]" started-at="2022-11-17T19:17:11 IST" name="close" finished-at="2022-11-17T19:17:12 IST" duration-ms="458" status="PASS">
          <reporter-output>
          </reporter-output>
        </test-method> <!-- close -->
      </class> <!-- saucelabs.productpage -->
      <class name="saucelabs.Loginfunctions">
        <test-method is-config="true" signature="open()[pri:0, instance:saucelabs.Loginfunctions@6892b3b6]" started-at="2022-11-17T19:15:58 IST" name="open" finished-at="2022-11-17T19:16:02 IST" duration-ms="4218" status="PASS">
          <reporter-output>
          </reporter-output>
        </test-method> <!-- open -->
        <test-method signature="TC_003()[pri:0, instance:saucelabs.Loginfunctions@6892b3b6]" started-at="2022-11-17T19:16:02 IST" name="TC_003" finished-at="2022-11-17T19:16:03 IST" duration-ms="345" status="PASS">
          <reporter-output>
          </reporter-output>
        </test-method> <!-- TC_003 -->
        <test-method is-config="true" signature="close()[pri:0, instance:saucelabs.Loginfunctions@6892b3b6]" started-at="2022-11-17T19:16:03 IST" name="close" finished-at="2022-11-17T19:16:03 IST" duration-ms="423" status="PASS">
          <reporter-output>
          </reporter-output>
        </test-method> <!-- close -->
        <test-method is-config="true" signature="open()[pri:0, instance:saucelabs.Loginfunctions@6892b3b6]" started-at="2022-11-17T19:16:03 IST" name="open" finished-at="2022-11-17T19:16:07 IST" duration-ms="3963" status="PASS">
          <reporter-output>
          </reporter-output>
        </test-method> <!-- open -->
        <test-method signature="TC_004()[pri:0, instance:saucelabs.Loginfunctions@6892b3b6]" started-at="2022-11-17T19:16:07 IST" name="TC_004" finished-at="2022-11-17T19:16:07 IST" duration-ms="336" status="PASS">
          <reporter-output>
          </reporter-output>
        </test-method> <!-- TC_004 -->
        <test-method is-config="true" signature="close()[pri:0, instance:saucelabs.Loginfunctions@6892b3b6]" started-at="2022-11-17T19:16:07 IST" name="close" finished-at="2022-11-17T19:16:08 IST" duration-ms="307" status="PASS">
          <reporter-output>
          </reporter-output>
        </test-method> <!-- close -->
        <test-method is-config="true" signature="open()[pri:0, instance:saucelabs.Loginfunctions@6892b3b6]" started-at="2022-11-17T19:16:08 IST" name="open" finished-at="2022-11-17T19:16:12 IST" duration-ms="4067" status="PASS">
          <reporter-output>
          </reporter-output>
        </test-method> <!-- open -->
        <test-method signature="TC_005()[pri:0, instance:saucelabs.Loginfunctions@6892b3b6]" started-at="2022-11-17T19:16:12 IST" name="TC_005" finished-at="2022-11-17T19:16:12 IST" duration-ms="323" status="PASS">
          <reporter-output>
          </reporter-output>
        </test-method> <!-- TC_005 -->
        <test-method is-config="true" signature="close()[pri:0, instance:saucelabs.Loginfunctions@6892b3b6]" started-at="2022-11-17T19:16:12 IST" name="close" finished-at="2022-11-17T19:16:12 IST" duration-ms="362" status="PASS">
          <reporter-output>
          </reporter-output>
        </test-method> <!-- close -->
        <test-method is-config="true" signature="open()[pri:0, instance:saucelabs.Loginfunctions@6892b3b6]" started-at="2022-11-17T19:16:12 IST" name="open" finished-at="2022-11-17T19:16:17 IST" duration-ms="4331" status="PASS">
          <reporter-output>
          </reporter-output>
        </test-method> <!-- open -->
        <test-method signature="TC_006()[pri:0, instance:saucelabs.Loginfunctions@6892b3b6]" started-at="2022-11-17T19:16:17 IST" name="TC_006" finished-at="2022-11-17T19:16:17 IST" duration-ms="309" status="PASS">
          <reporter-output>
          </reporter-output>
        </test-method> <!-- TC_006 -->
        <test-method is-config="true" signature="close()[pri:0, instance:saucelabs.Loginfunctions@6892b3b6]" started-at="2022-11-17T19:16:17 IST" name="close" finished-at="2022-11-17T19:16:17 IST" duration-ms="316" status="PASS">
          <reporter-output>
          </reporter-output>
        </test-method> <!-- close -->
        <test-method is-config="true" signature="open()[pri:0, instance:saucelabs.Loginfunctions@6892b3b6]" started-at="2022-11-17T19:16:17 IST" name="open" finished-at="2022-11-17T19:16:22 IST" duration-ms="4404" status="PASS">
          <reporter-output>
          </reporter-output>
        </test-method> <!-- open -->
        <test-method signature="TC_007()[pri:0, instance:saucelabs.Loginfunctions@6892b3b6]" started-at="2022-11-17T19:16:22 IST" name="TC_007" finished-at="2022-11-17T19:16:22 IST" duration-ms="321" status="PASS">
          <reporter-output>
          </reporter-output>
        </test-method> <!-- TC_007 -->
        <test-method is-config="true" signature="close()[pri:0, instance:saucelabs.Loginfunctions@6892b3b6]" started-at="2022-11-17T19:16:22 IST" name="close" finished-at="2022-11-17T19:16:22 IST" duration-ms="321" status="PASS">
          <reporter-output>
          </reporter-output>
        </test-method> <!-- close -->
        <test-method is-config="true" signature="open()[pri:0, instance:saucelabs.Loginfunctions@6892b3b6]" started-at="2022-11-17T19:16:22 IST" name="open" finished-at="2022-11-17T19:16:27 IST" duration-ms="4206" status="PASS">
          <reporter-output>
          </reporter-output>
        </test-method> <!-- open -->
        <test-method signature="TC_008()[pri:0, instance:saucelabs.Loginfunctions@6892b3b6]" started-at="2022-11-17T19:16:27 IST" name="TC_008" finished-at="2022-11-17T19:16:27 IST" duration-ms="279" status="PASS">
          <reporter-output>
          </reporter-output>
        </test-method> <!-- TC_008 -->
        <test-method is-config="true" signature="close()[pri:0, instance:saucelabs.Loginfunctions@6892b3b6]" started-at="2022-11-17T19:16:27 IST" name="close" finished-at="2022-11-17T19:16:27 IST" duration-ms="316" status="PASS">
          <reporter-output>
          </reporter-output>
        </test-method> <!-- close -->
        <test-method is-config="true" signature="open()[pri:0, instance:saucelabs.Loginfunctions@6892b3b6]" started-at="2022-11-17T19:16:27 IST" name="open" finished-at="2022-11-17T19:16:31 IST" duration-ms="4075" status="PASS">
          <reporter-output>
          </reporter-output>
        </test-method> <!-- open -->
        <test-method signature="TC_009()[pri:0, instance:saucelabs.Loginfunctions@6892b3b6]" started-at="2022-11-17T19:16:31 IST" name="TC_009" finished-at="2022-11-17T19:16:32 IST" duration-ms="431" status="PASS">
          <reporter-output>
          </reporter-output>
        </test-method> <!-- TC_009 -->
        <test-method is-config="true" signature="close()[pri:0, instance:saucelabs.Loginfunctions@6892b3b6]" started-at="2022-11-17T19:16:32 IST" name="close" finished-at="2022-11-17T19:16:32 IST" duration-ms="377" status="PASS">
          <reporter-output>
          </reporter-output>
        </test-method> <!-- close -->
      </class> <!-- saucelabs.Loginfunctions -->
      <class name="saucelabs.productdetailspage">
        <test-method is-config="true" signature="open()[pri:0, instance:saucelabs.productdetailspage@76a4ebf2]" started-at="2022-11-17T19:17:12 IST" name="open" finished-at="2022-11-17T19:17:16 IST" duration-ms="4555" status="PASS">
          <reporter-output>
          </reporter-output>
        </test-method> <!-- open -->
        <test-method signature="TC_016()[pri:0, instance:saucelabs.productdetailspage@76a4ebf2]" started-at="2022-11-17T19:17:16 IST" name="TC_016" finished-at="2022-11-17T19:17:16 IST" duration-ms="11" status="PASS">
          <reporter-output>
          </reporter-output>
        </test-method> <!-- TC_016 -->
        <test-method is-config="true" signature="close()[pri:0, instance:saucelabs.productdetailspage@76a4ebf2]" started-at="2022-11-17T19:17:16 IST" name="close" finished-at="2022-11-17T19:17:16 IST" duration-ms="296" status="PASS">
          <reporter-output>
          </reporter-output>
        </test-method> <!-- close -->
        <test-method is-config="true" signature="open()[pri:0, instance:saucelabs.productdetailspage@76a4ebf2]" started-at="2022-11-17T19:17:16 IST" name="open" finished-at="2022-11-17T19:17:21 IST" duration-ms="4511" status="PASS">
          <reporter-output>
          </reporter-output>
        </test-method> <!-- open -->
        <test-method signature="TC_017()[pri:0, instance:saucelabs.productdetailspage@76a4ebf2]" started-at="2022-11-17T19:17:21 IST" name="TC_017" finished-at="2022-11-17T19:17:21 IST" duration-ms="106" status="PASS">
          <reporter-output>
          </reporter-output>
        </test-method> <!-- TC_017 -->
        <test-method is-config="true" signature="close()[pri:0, instance:saucelabs.productdetailspage@76a4ebf2]" started-at="2022-11-17T19:17:21 IST" name="close" finished-at="2022-11-17T19:17:21 IST" duration-ms="304" status="PASS">
          <reporter-output>
          </reporter-output>
        </test-method> <!-- close -->
        <test-method is-config="true" signature="open()[pri:0, instance:saucelabs.productdetailspage@76a4ebf2]" started-at="2022-11-17T19:17:21 IST" name="open" finished-at="2022-11-17T19:17:26 IST" duration-ms="4579" status="PASS">
          <reporter-output>
          </reporter-output>
        </test-method> <!-- open -->
        <test-method signature="TC_018()[pri:0, instance:saucelabs.productdetailspage@76a4ebf2]" started-at="2022-11-17T19:17:26 IST" name="TC_018" finished-at="2022-11-17T19:17:28 IST" duration-ms="2251" status="PASS">
          <reporter-output>
          </reporter-output>
        </test-method> <!-- TC_018 -->
        <test-method is-config="true" signature="close()[pri:0, instance:saucelabs.productdetailspage@76a4ebf2]" started-at="2022-11-17T19:17:28 IST" name="close" finished-at="2022-11-17T19:17:29 IST" duration-ms="303" status="PASS">
          <reporter-output>
          </reporter-output>
        </test-method> <!-- close -->
      </class> <!-- saucelabs.productdetailspage -->
      <class name="saucelabs.Yourcart">
        <test-method is-config="true" signature="open()[pri:0, instance:saucelabs.Yourcart@1530c739]" started-at="2022-11-17T19:19:03 IST" name="open" finished-at="2022-11-17T19:19:08 IST" duration-ms="4845" status="PASS">
          <reporter-output>
          </reporter-output>
        </test-method> <!-- open -->
        <test-method signature="TC_032()[pri:0, instance:saucelabs.Yourcart@1530c739]" started-at="2022-11-17T19:19:08 IST" name="TC_032" finished-at="2022-11-17T19:19:08 IST" duration-ms="53" status="FAIL">
          <exception class="java.lang.AssertionError">
            <message>
              <![CDATA[expected [true] but found [false]]]>
            </message>
            <full-stacktrace>
              <![CDATA[java.lang.AssertionError: expected [true] but found [false]
at org.testng.Assert.fail(Assert.java:110)
at org.testng.Assert.failNotEquals(Assert.java:1413)
at org.testng.Assert.assertEqualsImpl(Assert.java:149)
at org.testng.Assert.assertEquals(Assert.java:131)
at org.testng.Assert.assertEquals(Assert.java:976)
at org.testng.Assert.assertEquals(Assert.java:1010)
at saucelabs.Yourcart.TC_032(Yourcart.java:34)
at java.base/jdk.internal.reflect.NativeMethodAccessorImpl.invoke0(Native Method)
at java.base/jdk.internal.reflect.NativeMethodAccessorImpl.invoke(NativeMethodAccessorImpl.java:77)
at java.base/jdk.internal.reflect.DelegatingMethodAccessorImpl.invoke(DelegatingMethodAccessorImpl.java:43)
at java.base/java.lang.reflect.Method.invoke(Method.java:568)
at org.testng.internal.invokers.MethodInvocationHelper.invokeMethod(MethodInvocationHelper.java:139)
at org.testng.internal.invokers.TestInvoker.invokeMethod(TestInvoker.java:677)
at org.testng.internal.invokers.TestInvoker.invokeTestMethod(TestInvoker.java:221)
at org.testng.internal.invokers.MethodRunner.runInSequence(MethodRunner.java:50)
at org.testng.internal.invokers.TestInvoker$MethodInvocationAgent.invoke(TestInvoker.java:962)
at org.testng.internal.invokers.TestInvoker.invokeTestMethods(TestInvoker.java:194)
at org.testng.internal.invokers.TestMethodWorker.invokeTestMethods(TestMethodWorker.java:148)
at org.testng.internal.invokers.TestMethodWorker.run(TestMethodWorker.java:128)
at java.base/java.util.ArrayList.forEach(ArrayList.java:1511)
at org.testng.TestRunner.privateRun(TestRunner.java:806)
at org.testng.TestRunner.run(TestRunner.java:601)
at org.testng.SuiteRunner.runTest(SuiteRunner.java:433)
at org.testng.SuiteRunner$SuiteWorker.run(SuiteRunner.java:471)
at org.testng.internal.thread.ThreadUtil.lambda$execute$0(ThreadUtil.java:58)
at java.base/java.util.concurrent.FutureTask.run(FutureTask.java:264)
at java.base/java.util.concurrent.ThreadPoolExecutor.runWorker(ThreadPoolExecutor.java:1136)
at java.base/java.util.concurrent.ThreadPoolExecutor$Worker.run(ThreadPoolExecutor.java:635)
at java.base/java.lang.Thread.run(Thread.java:833)
]]>
            </full-stacktrace>
          </exception> <!-- java.lang.AssertionError -->
          <reporter-output>
          </reporter-output>
        </test-method> <!-- TC_032 -->
        <test-method is-config="true" signature="close()[pri:0, instance:saucelabs.Yourcart@1530c739]" started-at="2022-11-17T19:19:08 IST" name="close" finished-at="2022-11-17T19:19:08 IST" duration-ms="295" status="PASS">
          <reporter-output>
          </reporter-output>
        </test-method> <!-- close -->
        <test-method is-config="true" signature="open()[pri:0, instance:saucelabs.Yourcart@1530c739]" started-at="2022-11-17T19:19:08 IST" name="open" finished-at="2022-11-17T19:19:13 IST" duration-ms="5235" status="PASS">
          <reporter-output>
          </reporter-output>
        </test-method> <!-- open -->
        <test-method signature="TC_033()[pri:0, instance:saucelabs.Yourcart@1530c739]" started-at="2022-11-17T19:19:13 IST" name="TC_033" finished-at="2022-11-17T19:19:14 IST" duration-ms="188" status="PASS">
          <reporter-output>
          </reporter-output>
        </test-method> <!-- TC_033 -->
        <test-method is-config="true" signature="close()[pri:0, instance:saucelabs.Yourcart@1530c739]" started-at="2022-11-17T19:19:14 IST" name="close" finished-at="2022-11-17T19:19:14 IST" duration-ms="338" status="PASS">
          <reporter-output>
          </reporter-output>
        </test-method> <!-- close -->
        <test-method is-config="true" signature="open()[pri:0, instance:saucelabs.Yourcart@1530c739]" started-at="2022-11-17T19:19:14 IST" name="open" finished-at="2022-11-17T19:19:19 IST" duration-ms="4957" status="PASS">
          <reporter-output>
          </reporter-output>
        </test-method> <!-- open -->
        <test-method signature="TC_034()[pri:0, instance:saucelabs.Yourcart@1530c739]" started-at="2022-11-17T19:19:19 IST" name="TC_034" finished-at="2022-11-17T19:19:19 IST" duration-ms="84" status="PASS">
          <reporter-output>
          </reporter-output>
        </test-method> <!-- TC_034 -->
        <test-method is-config="true" signature="close()[pri:0, instance:saucelabs.Yourcart@1530c739]" started-at="2022-11-17T19:19:19 IST" name="close" finished-at="2022-11-17T19:19:19 IST" duration-ms="298" status="PASS">
          <reporter-output>
          </reporter-output>
        </test-method> <!-- close -->
        <test-method is-config="true" signature="open()[pri:0, instance:saucelabs.Yourcart@1530c739]" started-at="2022-11-17T19:19:19 IST" name="open" finished-at="2022-11-17T19:19:24 IST" duration-ms="4929" status="PASS">
          <reporter-output>
          </reporter-output>
        </test-method> <!-- open -->
        <test-method signature="TC_035()[pri:0, instance:saucelabs.Yourcart@1530c739]" started-at="2022-11-17T19:19:24 IST" name="TC_035" finished-at="2022-11-17T19:19:24 IST" duration-ms="108" status="PASS">
          <reporter-output>
          </reporter-output>
        </test-method> <!-- TC_035 -->
        <test-method is-config="true" signature="close()[pri:0, instance:saucelabs.Yourcart@1530c739]" started-at="2022-11-17T19:19:24 IST" name="close" finished-at="2022-11-17T19:19:25 IST" duration-ms="300" status="PASS">
          <reporter-output>
          </reporter-output>
        </test-method> <!-- close -->
        <test-method is-config="true" signature="open()[pri:0, instance:saucelabs.Yourcart@1530c739]" started-at="2022-11-17T19:19:25 IST" name="open" finished-at="2022-11-17T19:19:30 IST" duration-ms="4856" status="PASS">
          <reporter-output>
          </reporter-output>
        </test-method> <!-- open -->
        <test-method signature="TC_036()[pri:0, instance:saucelabs.Yourcart@1530c739]" started-at="2022-11-17T19:19:30 IST" name="TC_036" finished-at="2022-11-17T19:19:30 IST" duration-ms="152" status="FAIL">
          <exception class="java.lang.AssertionError">
            <message>
              <![CDATA[expected [https://www.saucedemo.com/cart.html] but found [https://www.saucedemo.com/checkout-step-one.html]]]>
            </message>
            <full-stacktrace>
              <![CDATA[java.lang.AssertionError: expected [https://www.saucedemo.com/cart.html] but found [https://www.saucedemo.com/checkout-step-one.html]
at org.testng.Assert.fail(Assert.java:110)
at org.testng.Assert.failNotEquals(Assert.java:1413)
at org.testng.Assert.assertEqualsImpl(Assert.java:149)
at org.testng.Assert.assertEquals(Assert.java:131)
at org.testng.Assert.assertEquals(Assert.java:655)
at org.testng.Assert.assertEquals(Assert.java:665)
at saucelabs.Yourcart.TC_036(Yourcart.java:65)
at java.base/jdk.internal.reflect.NativeMethodAccessorImpl.invoke0(Native Method)
at java.base/jdk.internal.reflect.NativeMethodAccessorImpl.invoke(NativeMethodAccessorImpl.java:77)
at java.base/jdk.internal.reflect.DelegatingMethodAccessorImpl.invoke(DelegatingMethodAccessorImpl.java:43)
at java.base/java.lang.reflect.Method.invoke(Method.java:568)
at org.testng.internal.invokers.MethodInvocationHelper.invokeMethod(MethodInvocationHelper.java:139)
at org.testng.internal.invokers.TestInvoker.invokeMethod(TestInvoker.java:677)
at org.testng.internal.invokers.TestInvoker.invokeTestMethod(TestInvoker.java:221)
at org.testng.internal.invokers.MethodRunner.runInSequence(MethodRunner.java:50)
at org.testng.internal.invokers.TestInvoker$MethodInvocationAgent.invoke(TestInvoker.java:962)
at org.testng.internal.invokers.TestInvoker.invokeTestMethods(TestInvoker.java:194)
at org.testng.internal.invokers.TestMethodWorker.invokeTestMethods(TestMethodWorker.java:148)
at org.testng.internal.invokers.TestMethodWorker.run(TestMethodWorker.java:128)
at java.base/java.util.ArrayList.forEach(ArrayList.java:1511)
at org.testng.TestRunner.privateRun(TestRunner.java:806)
at org.testng.TestRunner.run(TestRunner.java:601)
at org.testng.SuiteRunner.runTest(SuiteRunner.java:433)
at org.testng.SuiteRunner$SuiteWorker.run(SuiteRunner.java:471)
at org.testng.internal.thread.ThreadUtil.lambda$execute$0(ThreadUtil.java:58)
at java.base/java.util.concurrent.FutureTask.run(FutureTask.java:264)
at java.base/java.util.concurrent.ThreadPoolExecutor.runWorker(ThreadPoolExecutor.java:1136)
at java.base/java.util.concurrent.ThreadPoolExecutor$Worker.run(ThreadPoolExecutor.java:635)
at java.base/java.lang.Thread.run(Thread.java:833)
]]>
            </full-stacktrace>
          </exception> <!-- java.lang.AssertionError -->
          <reporter-output>
          </reporter-output>
        </test-method> <!-- TC_036 -->
        <test-method is-config="true" signature="close()[pri:0, instance:saucelabs.Yourcart@1530c739]" started-at="2022-11-17T19:19:30 IST" name="close" finished-at="2022-11-17T19:19:30 IST" duration-ms="352" status="PASS">
          <reporter-output>
          </reporter-output>
        </test-method> <!-- close -->
      </class> <!-- saucelabs.Yourcart -->
      <class name="saucelabs.menuoption">
        <test-method is-config="true" signature="open()[pri:0, instance:saucelabs.menuoption@53fe15ff]" started-at="2022-11-17T19:18:05 IST" name="open" finished-at="2022-11-17T19:18:10 IST" duration-ms="4529" status="PASS">
          <reporter-output>
          </reporter-output>
        </test-method> <!-- open -->
        <test-method signature="TC_024()[pri:0, instance:saucelabs.menuoption@53fe15ff]" started-at="2022-11-17T19:18:10 IST" name="TC_024" finished-at="2022-11-17T19:18:10 IST" duration-ms="78" status="PASS">
          <reporter-output>
          </reporter-output>
        </test-method> <!-- TC_024 -->
        <test-method is-config="true" signature="close()[pri:0, instance:saucelabs.menuoption@53fe15ff]" started-at="2022-11-17T19:18:10 IST" name="close" finished-at="2022-11-17T19:18:10 IST" duration-ms="242" status="PASS">
          <reporter-output>
          </reporter-output>
        </test-method> <!-- close -->
        <test-method is-config="true" signature="open()[pri:0, instance:saucelabs.menuoption@53fe15ff]" started-at="2022-11-17T19:18:10 IST" name="open" finished-at="2022-11-17T19:18:15 IST" duration-ms="4774" status="PASS">
          <reporter-output>
          </reporter-output>
        </test-method> <!-- open -->
        <test-method signature="TC_025()[pri:0, instance:saucelabs.menuoption@53fe15ff]" started-at="2022-11-17T19:18:15 IST" name="TC_025" finished-at="2022-11-17T19:18:21 IST" duration-ms="6255" status="PASS">
          <reporter-output>
          </reporter-output>
        </test-method> <!-- TC_025 -->
        <test-method is-config="true" signature="close()[pri:0, instance:saucelabs.menuoption@53fe15ff]" started-at="2022-11-17T19:18:21 IST" name="close" finished-at="2022-11-17T19:18:22 IST" duration-ms="399" status="PASS">
          <reporter-output>
          </reporter-output>
        </test-method> <!-- close -->
        <test-method is-config="true" signature="open()[pri:0, instance:saucelabs.menuoption@53fe15ff]" started-at="2022-11-17T19:18:22 IST" name="open" finished-at="2022-11-17T19:18:26 IST" duration-ms="4651" status="PASS">
          <reporter-output>
          </reporter-output>
        </test-method> <!-- open -->
        <test-method signature="TC_026()[pri:0, instance:saucelabs.menuoption@53fe15ff]" started-at="2022-11-17T19:18:26 IST" name="TC_026" finished-at="2022-11-17T19:18:26 IST" duration-ms="72" status="PASS">
          <reporter-output>
          </reporter-output>
        </test-method> <!-- TC_026 -->
        <test-method is-config="true" signature="close()[pri:0, instance:saucelabs.menuoption@53fe15ff]" started-at="2022-11-17T19:18:26 IST" name="close" finished-at="2022-11-17T19:18:27 IST" duration-ms="294" status="PASS">
          <reporter-output>
          </reporter-output>
        </test-method> <!-- close -->
        <test-method is-config="true" signature="open()[pri:0, instance:saucelabs.menuoption@53fe15ff]" started-at="2022-11-17T19:18:27 IST" name="open" finished-at="2022-11-17T19:18:31 IST" duration-ms="4627" status="PASS">
          <reporter-output>
          </reporter-output>
        </test-method> <!-- open -->
        <test-method signature="TC_027()[pri:0, instance:saucelabs.menuoption@53fe15ff]" started-at="2022-11-17T19:18:31 IST" name="TC_027" finished-at="2022-11-17T19:18:31 IST" duration-ms="78" status="PASS">
          <reporter-output>
          </reporter-output>
        </test-method> <!-- TC_027 -->
        <test-method is-config="true" signature="close()[pri:0, instance:saucelabs.menuoption@53fe15ff]" started-at="2022-11-17T19:18:31 IST" name="close" finished-at="2022-11-17T19:18:32 IST" duration-ms="304" status="PASS">
          <reporter-output>
          </reporter-output>
        </test-method> <!-- close -->
        <test-method is-config="true" signature="open()[pri:0, instance:saucelabs.menuoption@53fe15ff]" started-at="2022-11-17T19:18:32 IST" name="open" finished-at="2022-11-17T19:18:36 IST" duration-ms="4462" status="PASS">
          <reporter-output>
          </reporter-output>
        </test-method> <!-- open -->
        <test-method signature="TC_028()[pri:0, instance:saucelabs.menuoption@53fe15ff]" started-at="2022-11-17T19:18:36 IST" name="TC_028" finished-at="2022-11-17T19:18:38 IST" duration-ms="2140" status="PASS">
          <reporter-output>
          </reporter-output>
        </test-method> <!-- TC_028 -->
        <test-method is-config="true" signature="close()[pri:0, instance:saucelabs.menuoption@53fe15ff]" started-at="2022-11-17T19:18:38 IST" name="close" finished-at="2022-11-17T19:18:39 IST" duration-ms="420" status="PASS">
          <reporter-output>
          </reporter-output>
        </test-method> <!-- close -->
      </class> <!-- saucelabs.menuoption -->
      <class name="saucelabs.Loginpage">
        <test-method is-config="true" signature="open()[pri:0, instance:saucelabs.Loginpage@70e9c95d]" started-at="2022-11-17T19:15:38 IST" name="open" finished-at="2022-11-17T19:15:44 IST" duration-ms="6865" status="PASS">
          <reporter-output>
          </reporter-output>
        </test-method> <!-- open -->
        <test-method signature="TC_001()[pri:0, instance:saucelabs.Loginpage@70e9c95d]" started-at="2022-11-17T19:15:44 IST" name="TC_001" finished-at="2022-11-17T19:15:49 IST" duration-ms="4424" status="PASS">
          <reporter-output>
          </reporter-output>
        </test-method> <!-- TC_001 -->
        <test-method is-config="true" signature="close()[pri:0, instance:saucelabs.Loginpage@70e9c95d]" started-at="2022-11-17T19:15:49 IST" name="close" finished-at="2022-11-17T19:15:49 IST" duration-ms="313" status="PASS">
          <reporter-output>
          </reporter-output>
        </test-method> <!-- close -->
        <test-method is-config="true" signature="open()[pri:0, instance:saucelabs.Loginpage@70e9c95d]" started-at="2022-11-17T19:15:49 IST" name="open" finished-at="2022-11-17T19:15:54 IST" duration-ms="4419" status="PASS">
          <reporter-output>
          </reporter-output>
        </test-method> <!-- open -->
        <test-method signature="TC_002()[pri:0, instance:saucelabs.Loginpage@70e9c95d]" started-at="2022-11-17T19:15:54 IST" name="TC_002" finished-at="2022-11-17T19:15:58 IST" duration-ms="4150" status="PASS">
          <reporter-output>
          </reporter-output>
        </test-method> <!-- TC_002 -->
        <test-method is-config="true" signature="close()[pri:0, instance:saucelabs.Loginpage@70e9c95d]" started-at="2022-11-17T19:15:58 IST" name="close" finished-at="2022-11-17T19:15:58 IST" duration-ms="304" status="PASS">
          <reporter-output>
          </reporter-output>
        </test-method> <!-- close -->
      </class> <!-- saucelabs.Loginpage -->
    </test> <!-- Test -->
  </suite> <!-- Suite -->
</testng-results>
